DEB [20161027-11:21:22.769] thr=1   paramiko.transport: starting thread (client mode): 0x36ee830L
DEB [20161027-11:21:22.769] thr=1   paramiko.transport: Local version/idstring: SSH-2.0-paramiko_2.0.2
DEB [20161027-11:21:22.769] thr=1   paramiko.transport: Remote version/idstring: SSH-2.0-OpenSSH_6.7p1 Raspbian-5+deb8u3
INF [20161027-11:21:22.769] thr=1   paramiko.transport: Connected (version 2.0, client OpenSSH_6.7p1)
DEB [20161027-11:21:22.769] thr=1   paramiko.transport: kex algos:[u'curve25519-sha256@libssh.org', u'ecdh-sha2-nistp256', u'ecdh-sha2-nistp384', u'ecdh-sha2-nistp521', u'diffie-hellman-group-exchange-sha256', u'diffie-hellman-group14-sha1'] server key:[u'ssh-rsa', u'ssh-dss', u'ecdsa-sha2-nistp256', u'ssh-ed25519'] client encrypt:[u'aes128-ctr', u'aes192-ctr', u'aes256-ctr', u'aes128-gcm@openssh.com', u'aes256-gcm@openssh.com', u'chacha20-poly1305@openssh.com'] server encrypt:[u'aes128-ctr', u'aes192-ctr', u'aes256-ctr', u'aes128-gcm@openssh.com', u'aes256-gcm@openssh.com', u'chacha20-poly1305@openssh.com'] client mac:[u'umac-64-etm@openssh.com', u'umac-128-etm@openssh.com', u'hmac-sha2-256-etm@openssh.com', u'hmac-sha2-512-etm@openssh.com', u'hmac-sha1-etm@openssh.com', u'umac-64@openssh.com', u'umac-128@openssh.com', u'hmac-sha2-256', u'hmac-sha2-512', u'hmac-sha1'] server mac:[u'umac-64-etm@openssh.com', u'umac-128-etm@openssh.com', u'hmac-sha2-256-etm@openssh.com', u'hmac-sha2-512-etm@openssh.com', u'hmac-sha1-etm@openssh.com', u'umac-64@openssh.com', u'umac-128@openssh.com', u'hmac-sha2-256', u'hmac-sha2-512', u'hmac-sha1'] client compress:[u'none', u'zlib@openssh.com'] server compress:[u'none', u'zlib@openssh.com'] client lang:[u''] server lang:[u''] kex follows?False
DEB [20161027-11:21:22.769] thr=1   paramiko.transport: Kex agreed: diffie-hellman-group14-sha1
DEB [20161027-11:21:22.769] thr=1   paramiko.transport: Cipher agreed: aes128-ctr
DEB [20161027-11:21:22.769] thr=1   paramiko.transport: MAC agreed: hmac-sha2-256
DEB [20161027-11:21:22.769] thr=1   paramiko.transport: Compression agreed: none
DEB [20161027-11:21:23.371] thr=1   paramiko.transport: kex engine KexGroup14 specified hash_algo <built-in function openssl_sha1>
DEB [20161027-11:21:23.371] thr=1   paramiko.transport: Switch to new keys ...
DEB [20161027-11:21:23.387] thr=1   paramiko.transport: userauth is OK
DEB [20161027-11:21:23.408] thr=1   paramiko.transport: Authentication type (gssapi-with-mic) not permitted.
DEB [20161027-11:21:23.408] thr=1   paramiko.transport: Allowed methods: [u'publickey', u'password']
DEB [20161027-11:21:26.812] thr=2   paramiko.transport: starting thread (client mode): 0x39205d0L
DEB [20161027-11:21:26.812] thr=2   paramiko.transport: Local version/idstring: SSH-2.0-paramiko_2.0.2
DEB [20161027-11:21:26.859] thr=2   paramiko.transport: Remote version/idstring: SSH-2.0-OpenSSH_6.7p1 Raspbian-5+deb8u3
INF [20161027-11:21:26.859] thr=2   paramiko.transport: Connected (version 2.0, client OpenSSH_6.7p1)
DEB [20161027-11:21:26.859] thr=2   paramiko.transport: kex algos:[u'curve25519-sha256@libssh.org', u'ecdh-sha2-nistp256', u'ecdh-sha2-nistp384', u'ecdh-sha2-nistp521', u'diffie-hellman-group-exchange-sha256', u'diffie-hellman-group14-sha1'] server key:[u'ssh-rsa', u'ssh-dss', u'ecdsa-sha2-nistp256', u'ssh-ed25519'] client encrypt:[u'aes128-ctr', u'aes192-ctr', u'aes256-ctr', u'aes128-gcm@openssh.com', u'aes256-gcm@openssh.com', u'chacha20-poly1305@openssh.com'] server encrypt:[u'aes128-ctr', u'aes192-ctr', u'aes256-ctr', u'aes128-gcm@openssh.com', u'aes256-gcm@openssh.com', u'chacha20-poly1305@openssh.com'] client mac:[u'umac-64-etm@openssh.com', u'umac-128-etm@openssh.com', u'hmac-sha2-256-etm@openssh.com', u'hmac-sha2-512-etm@openssh.com', u'hmac-sha1-etm@openssh.com', u'umac-64@openssh.com', u'umac-128@openssh.com', u'hmac-sha2-256', u'hmac-sha2-512', u'hmac-sha1'] server mac:[u'umac-64-etm@openssh.com', u'umac-128-etm@openssh.com', u'hmac-sha2-256-etm@openssh.com', u'hmac-sha2-512-etm@openssh.com', u'hmac-sha1-etm@openssh.com', u'umac-64@openssh.com', u'umac-128@openssh.com', u'hmac-sha2-256', u'hmac-sha2-512', u'hmac-sha1'] client compress:[u'none', u'zlib@openssh.com'] server compress:[u'none', u'zlib@openssh.com'] client lang:[u''] server lang:[u''] kex follows?False
DEB [20161027-11:21:26.859] thr=2   paramiko.transport: Kex agreed: diffie-hellman-group14-sha1
DEB [20161027-11:21:26.859] thr=2   paramiko.transport: Cipher agreed: aes128-ctr
DEB [20161027-11:21:26.859] thr=2   paramiko.transport: MAC agreed: hmac-sha2-256
DEB [20161027-11:21:26.859] thr=2   paramiko.transport: Compression agreed: none
DEB [20161027-11:21:27.191] thr=2   paramiko.transport: kex engine KexGroup14 specified hash_algo <built-in function openssl_sha1>
DEB [20161027-11:21:27.191] thr=2   paramiko.transport: Switch to new keys ...
DEB [20161027-11:21:27.211] thr=2   paramiko.transport: userauth is OK
INF [20161027-11:21:27.329] thr=2   paramiko.transport: Authentication (password) successful!
DEB [20161027-11:21:27.345] thr=3   paramiko.transport: [chan 0] Max packet in: 32768 bytes
DEB [20161027-11:21:27.391] thr=2   paramiko.transport: [chan 0] Max packet out: 32768 bytes
DEB [20161027-11:21:27.391] thr=2   paramiko.transport: Secsh channel 0 opened.
DEB [20161027-11:21:27.411] thr=2   paramiko.transport: [chan 0] Sesch channel 0 request ok
DEB [20161027-11:21:27.414] thr=2   paramiko.transport: [chan 0] Sesch channel 0 request ok
DEB [20161027-11:23:18.325] thr=1   paramiko.transport: EOF in transport thread
DEB [20170613-23:22:07.799] thr=1   paramiko.transport: starting thread (client mode): 0x32062e8L
DEB [20170613-23:22:07.825] thr=1   paramiko.transport: Local version/idstring: SSH-2.0-paramiko_2.2.0
DEB [20170613-23:22:07.825] thr=1   paramiko.transport: Remote version/idstring: SSH-2.0-OpenSSH_7.2p2 Ubuntu-4ubuntu2.2
INF [20170613-23:22:07.825] thr=1   paramiko.transport: Connected (version 2.0, client OpenSSH_7.2p2)
DEB [20170613-23:22:07.862] thr=1   paramiko.transport: kex algos:[u'curve25519-sha256@libssh.org', u'ecdh-sha2-nistp256', u'ecdh-sha2-nistp384', u'ecdh-sha2-nistp521', u'diffie-hellman-group-exchange-sha256', u'diffie-hellman-group14-sha1'] server key:[u'ssh-rsa', u'rsa-sha2-512', u'rsa-sha2-256', u'ecdsa-sha2-nistp256', u'ssh-ed25519'] client encrypt:[u'chacha20-poly1305@openssh.com', u'aes128-ctr', u'aes192-ctr', u'aes256-ctr', u'aes128-gcm@openssh.com', u'aes256-gcm@openssh.com'] server encrypt:[u'chacha20-poly1305@openssh.com', u'aes128-ctr', u'aes192-ctr', u'aes256-ctr', u'aes128-gcm@openssh.com', u'aes256-gcm@openssh.com'] client mac:[u'umac-64-etm@openssh.com', u'umac-128-etm@openssh.com', u'hmac-sha2-256-etm@openssh.com', u'hmac-sha2-512-etm@openssh.com', u'hmac-sha1-etm@openssh.com', u'umac-64@openssh.com', u'umac-128@openssh.com', u'hmac-sha2-256', u'hmac-sha2-512', u'hmac-sha1'] server mac:[u'umac-64-etm@openssh.com', u'umac-128-etm@openssh.com', u'hmac-sha2-256-etm@openssh.com', u'hmac-sha2-512-etm@openssh.com', u'hmac-sha1-etm@openssh.com', u'umac-64@openssh.com', u'umac-128@openssh.com', u'hmac-sha2-256', u'hmac-sha2-512', u'hmac-sha1'] client compress:[u'none', u'zlib@openssh.com'] server compress:[u'none', u'zlib@openssh.com'] client lang:[u''] server lang:[u''] kex follows?False
DEB [20170613-23:22:07.862] thr=1   paramiko.transport: Kex agreed: diffie-hellman-group14-sha1
DEB [20170613-23:22:07.862] thr=1   paramiko.transport: HostKey agreed: ssh-ed25519
DEB [20170613-23:22:07.864] thr=1   paramiko.transport: Cipher agreed: aes128-ctr
DEB [20170613-23:22:07.864] thr=1   paramiko.transport: MAC agreed: hmac-sha2-256
DEB [20170613-23:22:07.864] thr=1   paramiko.transport: Compression agreed: none
DEB [20170613-23:22:08.002] thr=1   paramiko.transport: kex engine KexGroup14 specified hash_algo <built-in function openssl_sha1>
DEB [20170613-23:22:08.029] thr=1   paramiko.transport: Switch to new keys ...
DEB [20170613-23:22:08.130] thr=1   paramiko.transport: userauth is OK
DEB [20170613-23:22:08.177] thr=1   paramiko.transport: Authentication type (gssapi-with-mic) not permitted.
DEB [20170613-23:22:08.177] thr=1   paramiko.transport: Allowed methods: [u'publickey', u'password']
DEB [20170613-23:39:03.753] thr=1   paramiko.transport: starting thread (client mode): 0x32852e8L
DEB [20170613-23:39:03.753] thr=1   paramiko.transport: Local version/idstring: SSH-2.0-paramiko_2.2.0
DEB [20170613-23:39:03.753] thr=1   paramiko.transport: Remote version/idstring: SSH-2.0-OpenSSH_7.2p2 Ubuntu-4ubuntu2.2
INF [20170613-23:39:03.753] thr=1   paramiko.transport: Connected (version 2.0, client OpenSSH_7.2p2)
DEB [20170613-23:39:03.790] thr=1   paramiko.transport: kex algos:[u'curve25519-sha256@libssh.org', u'ecdh-sha2-nistp256', u'ecdh-sha2-nistp384', u'ecdh-sha2-nistp521', u'diffie-hellman-group-exchange-sha256', u'diffie-hellman-group14-sha1'] server key:[u'ssh-rsa', u'rsa-sha2-512', u'rsa-sha2-256', u'ecdsa-sha2-nistp256', u'ssh-ed25519'] client encrypt:[u'chacha20-poly1305@openssh.com', u'aes128-ctr', u'aes192-ctr', u'aes256-ctr', u'aes128-gcm@openssh.com', u'aes256-gcm@openssh.com'] server encrypt:[u'chacha20-poly1305@openssh.com', u'aes128-ctr', u'aes192-ctr', u'aes256-ctr', u'aes128-gcm@openssh.com', u'aes256-gcm@openssh.com'] client mac:[u'umac-64-etm@openssh.com', u'umac-128-etm@openssh.com', u'hmac-sha2-256-etm@openssh.com', u'hmac-sha2-512-etm@openssh.com', u'hmac-sha1-etm@openssh.com', u'umac-64@openssh.com', u'umac-128@openssh.com', u'hmac-sha2-256', u'hmac-sha2-512', u'hmac-sha1'] server mac:[u'umac-64-etm@openssh.com', u'umac-128-etm@openssh.com', u'hmac-sha2-256-etm@openssh.com', u'hmac-sha2-512-etm@openssh.com', u'hmac-sha1-etm@openssh.com', u'umac-64@openssh.com', u'umac-128@openssh.com', u'hmac-sha2-256', u'hmac-sha2-512', u'hmac-sha1'] client compress:[u'none', u'zlib@openssh.com'] server compress:[u'none', u'zlib@openssh.com'] client lang:[u''] server lang:[u''] kex follows?False
DEB [20170613-23:39:03.790] thr=1   paramiko.transport: Kex agreed: diffie-hellman-group14-sha1
DEB [20170613-23:39:03.790] thr=1   paramiko.transport: HostKey agreed: ssh-ed25519
DEB [20170613-23:39:03.790] thr=1   paramiko.transport: Cipher agreed: aes128-ctr
DEB [20170613-23:39:03.790] thr=1   paramiko.transport: MAC agreed: hmac-sha2-256
DEB [20170613-23:39:03.790] thr=1   paramiko.transport: Compression agreed: none
DEB [20170613-23:39:03.914] thr=1   paramiko.transport: kex engine KexGroup14 specified hash_algo <built-in function openssl_sha1>
DEB [20170613-23:39:03.914] thr=1   paramiko.transport: Switch to new keys ...
DEB [20170613-23:39:04.016] thr=1   paramiko.transport: userauth is OK
DEB [20170613-23:39:04.049] thr=1   paramiko.transport: Authentication type (gssapi-with-mic) not permitted.
DEB [20170613-23:39:04.049] thr=1   paramiko.transport: Allowed methods: [u'publickey', u'password']
